[2026-04-08 12:38:42Z INFO HostContext] No proxy settings were found based on environmental variables (http_proxy/https_proxy/HTTP_PROXY/HTTPS_PROXY)
[2026-04-08 12:38:42Z INFO HostContext] Well known directory 'Bin': 'C:\antigravity_project\img_to_text\actions-runner\bin'
[2026-04-08 12:38:42Z INFO HostContext] Well known directory 'Root': 'C:\antigravity_project\img_to_text\actions-runner'
[2026-04-08 12:38:42Z INFO HostContext] Well known config file 'Credentials': 'C:\antigravity_project\img_to_text\actions-runner\.credentials'
[2026-04-08 12:38:42Z INFO HostContext] Well known directory 'Bin': 'C:\antigravity_project\img_to_text\actions-runner\bin'
[2026-04-08 12:38:42Z INFO HostContext] Well known directory 'Root': 'C:\antigravity_project\img_to_text\actions-runner'
[2026-04-08 12:38:42Z INFO HostContext] Well known config file 'Runner': 'C:\antigravity_project\img_to_text\actions-runner\.runner'
[2026-04-08 12:38:42Z INFO Listener] Runner is built for Windows (X64) - win-x64.
[2026-04-08 12:38:42Z INFO Listener] RuntimeInformation: Microsoft Windows 10.0.26200.
[2026-04-08 12:38:42Z INFO Listener] Version: 2.333.1
[2026-04-08 12:38:42Z INFO Listener] Commit: 6792966801e8925346735b68c03bf9f347af4646
[2026-04-08 12:38:42Z INFO Listener] Culture: ko-KR
[2026-04-08 12:38:42Z INFO Listener] UI Culture: ko-KR
[2026-04-08 12:38:42Z INFO HostContext] Well known directory 'Bin': 'C:\antigravity_project\img_to_text\actions-runner\bin'
[2026-04-08 12:38:42Z INFO HostContext] Well known directory 'Root': 'C:\antigravity_project\img_to_text\actions-runner'
[2026-04-08 12:38:42Z INFO Listener] Validating directory permissions for: 'C:\antigravity_project\img_to_text\actions-runner'
[2026-04-08 12:38:42Z INFO CommandLineParser] Parse
[2026-04-08 12:38:42Z INFO CommandLineParser] Parsing 1 args
[2026-04-08 12:38:42Z INFO CommandLineParser] parsing argument
[2026-04-08 12:38:42Z INFO CommandLineParser] HasArgs: False
[2026-04-08 12:38:42Z INFO CommandLineParser] Adding Command: run
[2026-04-08 12:38:42Z INFO Listener] Arguments parsed
[2026-04-08 12:38:42Z INFO Runner] ExecuteCommand
[2026-04-08 12:38:42Z INFO ConfigurationStore] currentAssemblyLocation: C:\antigravity_project\img_to_text\actions-runner\bin\Runner.Listener.dll
[2026-04-08 12:38:42Z INFO HostContext] Well known directory 'Bin': 'C:\antigravity_project\img_to_text\actions-runner\bin'
[2026-04-08 12:38:42Z INFO ConfigurationStore] binPath: C:\antigravity_project\img_to_text\actions-runner\bin
[2026-04-08 12:38:42Z INFO HostContext] Well known directory 'Bin': 'C:\antigravity_project\img_to_text\actions-runner\bin'
[2026-04-08 12:38:42Z INFO HostContext] Well known directory 'Root': 'C:\antigravity_project\img_to_text\actions-runner'
[2026-04-08 12:38:42Z INFO ConfigurationStore] RootFolder: C:\antigravity_project\img_to_text\actions-runner
[2026-04-08 12:38:42Z INFO HostContext] Well known directory 'Bin': 'C:\antigravity_project\img_to_text\actions-runner\bin'
[2026-04-08 12:38:42Z INFO HostContext] Well known directory 'Root': 'C:\antigravity_project\img_to_text\actions-runner'
[2026-04-08 12:38:42Z INFO HostContext] Well known config file 'Runner': 'C:\antigravity_project\img_to_text\actions-runner\.runner'
[2026-04-08 12:38:42Z INFO ConfigurationStore] ConfigFilePath: C:\antigravity_project\img_to_text\actions-runner\.runner
[2026-04-08 12:38:42Z INFO HostContext] Well known directory 'Bin': 'C:\antigravity_project\img_to_text\actions-runner\bin'
[2026-04-08 12:38:42Z INFO HostContext] Well known directory 'Root': 'C:\antigravity_project\img_to_text\actions-runner'
[2026-04-08 12:38:42Z INFO HostContext] Well known config file 'MigratedRunner': 'C:\antigravity_project\img_to_text\actions-runner\.runner_migrated'
[2026-04-08 12:38:42Z INFO ConfigurationStore] MigratedConfigFilePath: C:\antigravity_project\img_to_text\actions-runner\.runner_migrated
[2026-04-08 12:38:42Z INFO HostContext] Well known directory 'Bin': 'C:\antigravity_project\img_to_text\actions-runner\bin'
[2026-04-08 12:38:42Z INFO HostContext] Well known directory 'Root': 'C:\antigravity_project\img_to_text\actions-runner'
[2026-04-08 12:38:42Z INFO HostContext] Well known config file 'Credentials': 'C:\antigravity_project\img_to_text\actions-runner\.credentials'
[2026-04-08 12:38:42Z INFO ConfigurationStore] CredFilePath: C:\antigravity_project\img_to_text\actions-runner\.credentials
[2026-04-08 12:38:42Z INFO HostContext] Well known directory 'Bin': 'C:\antigravity_project\img_to_text\actions-runner\bin'
[2026-04-08 12:38:42Z INFO HostContext] Well known directory 'Root': 'C:\antigravity_project\img_to_text\actions-runner'
[2026-04-08 12:38:42Z INFO HostContext] Well known config file 'MigratedCredentials': 'C:\antigravity_project\img_to_text\actions-runner\.credentials_migrated'
[2026-04-08 12:38:42Z INFO ConfigurationStore] MigratedCredFilePath: C:\antigravity_project\img_to_text\actions-runner\.credentials_migrated
[2026-04-08 12:38:42Z INFO HostContext] Well known directory 'Bin': 'C:\antigravity_project\img_to_text\actions-runner\bin'
[2026-04-08 12:38:42Z INFO HostContext] Well known directory 'Root': 'C:\antigravity_project\img_to_text\actions-runner'
[2026-04-08 12:38:42Z INFO HostContext] Well known config file 'Service': 'C:\antigravity_project\img_to_text\actions-runner\.service'
[2026-04-08 12:38:42Z INFO ConfigurationStore] ServiceConfigFilePath: C:\antigravity_project\img_to_text\actions-runner\.service
[2026-04-08 12:38:42Z INFO CommandSettings] Flag 'help': 'False'
[2026-04-08 12:38:42Z INFO CommandSettings] Flag 'version': 'False'
[2026-04-08 12:38:42Z INFO CommandSettings] Flag 'commit': 'False'
[2026-04-08 12:38:42Z INFO CommandSettings] Flag 'check': 'False'
[2026-04-08 12:38:42Z INFO CommandSettings] Command 'configure': 'False'
[2026-04-08 12:38:42Z INFO CommandSettings] Command 'remove': 'False'
[2026-04-08 12:38:42Z INFO CommandSettings] Command 'warmup': 'False'
[2026-04-08 12:38:42Z INFO ConfigurationManager] LoadSettings
[2026-04-08 12:38:42Z INFO ConfigurationStore] IsConfigured()
[2026-04-08 12:38:42Z INFO ConfigurationStore] IsConfigured: True
[2026-04-08 12:38:42Z INFO ConfigurationManager] Is configured: True
[2026-04-08 12:38:42Z INFO ConfigurationStore] Read setting file: 400 chars
[2026-04-08 12:38:42Z INFO ConfigurationManager] Settings Loaded
[2026-04-08 12:38:42Z INFO ConfigurationStore] IsServiceConfigured()
[2026-04-08 12:38:42Z INFO ConfigurationStore] IsServiceConfigured: False
[2026-04-08 12:38:42Z INFO CommandSettings] Command 'run': 'True'
[2026-04-08 12:38:42Z INFO ConfigurationStore] IsConfigured()
[2026-04-08 12:38:42Z INFO ConfigurationStore] IsConfigured: True
[2026-04-08 12:38:42Z INFO ConfigurationManager] Is configured: True
[2026-04-08 12:38:42Z INFO Runner] Could not parse the argument value '' for StartupType. Defaulting to Manual
[2026-04-08 12:38:42Z INFO Runner] Set runner startup type - Manual
[2026-04-08 12:38:42Z INFO CommandSettings] Flag 'once': 'False'
[2026-04-08 12:38:42Z INFO CommandSettings] Flag 'once': 'False'
[2026-04-08 12:38:42Z INFO Runner] RunAsync
[2026-04-08 12:38:42Z INFO HostContext] Well known directory 'Bin': 'C:\antigravity_project\img_to_text\actions-runner\bin'
[2026-04-08 12:38:42Z INFO HostContext] Well known directory 'Root': 'C:\antigravity_project\img_to_text\actions-runner'
[2026-04-08 12:38:42Z INFO HostContext] Well known directory 'Work': 'C:\antigravity_project\img_to_text\actions-runner\_work'
[2026-04-08 12:38:42Z INFO Runner] Validating directory permissions for: 'C:\antigravity_project\img_to_text\actions-runner\_work'
[2026-04-08 12:38:42Z INFO ConfigurationManager] LoadMigratedSettings
[2026-04-08 12:38:42Z INFO ConfigurationStore] IsMigratedConfigured()
[2026-04-08 12:38:42Z INFO ConfigurationStore] IsMigratedConfigured: False
[2026-04-08 12:38:42Z INFO Runner] Failed to load migrated settings: No migrated configuration found.
[2026-04-08 12:38:42Z INFO Runner] Falling back to original .runner settings
[2026-04-08 12:38:42Z INFO Runner] Using BrokerMessageListener
[2026-04-08 12:38:42Z INFO BrokerMessageListener] Using provided settings
[2026-04-08 12:38:42Z INFO BrokerMessageListener] {
  "AgentId": 2,
  "AgentName": "DESKTOP-NB49B0S",
  "PoolId": 1,
  "PoolName": "Default",
  "ServerUrl": "https://pipelinesghubeus7.actions.githubusercontent.com/IlyBtRiSOkmV6C1hmK5sBCSsNDFiq63GKnTsf5NwZbCO9VOhhm/",
  "GitHubUrl": "https://github.com/hoon060907/img_to_text",
  "WorkFolder": "_work",
  "UseV2Flow": true,
  "ServerUrlV2": "https://broker.actions.githubusercontent.com/"
}
[2026-04-08 12:38:42Z INFO BrokerMessageListener] Loading Credentials
[2026-04-08 12:38:42Z INFO ConfigurationStore] HasCredentials()
[2026-04-08 12:38:42Z INFO ConfigurationStore] stored True
[2026-04-08 12:38:42Z INFO CredentialManager] GetCredentialProvider
[2026-04-08 12:38:42Z INFO CredentialManager] Creating type OAuth
[2026-04-08 12:38:42Z INFO CredentialManager] Creating credential type: OAuth
[2026-04-08 12:38:42Z INFO HostContext] Well known directory 'Bin': 'C:\antigravity_project\img_to_text\actions-runner\bin'
[2026-04-08 12:38:42Z INFO HostContext] Well known directory 'Root': 'C:\antigravity_project\img_to_text\actions-runner'
[2026-04-08 12:38:42Z INFO HostContext] Well known config file 'RSACredentials': 'C:\antigravity_project\img_to_text\actions-runner\.credentials_rsaparams'
[2026-04-08 12:38:42Z INFO RSAEncryptedFileKeyManager] Loading RSA key parameters from file C:\antigravity_project\img_to_text\actions-runner\.credentials_rsaparams
[2026-04-08 12:38:42Z INFO BrokerMessageListener] Attempt to create session.
[2026-04-08 12:38:42Z INFO BrokerMessageListener] Connecting to the Broker Server...
[2026-04-08 12:38:42Z INFO ConfigurationStore] HasCredentials()
[2026-04-08 12:38:42Z INFO ConfigurationStore] stored True
[2026-04-08 12:38:42Z INFO CredentialManager] GetCredentialProvider
[2026-04-08 12:38:42Z INFO CredentialManager] Creating type OAuth
[2026-04-08 12:38:42Z INFO CredentialManager] Creating credential type: OAuth
[2026-04-08 12:38:42Z INFO RSAEncryptedFileKeyManager] Loading RSA key parameters from file C:\antigravity_project\img_to_text\actions-runner\.credentials_rsaparams
[2026-04-08 12:38:42Z INFO BrokerMessageListener] VssConnection created
[2026-04-08 12:38:42Z INFO BrokerMessageListener] Connecting to the Runner server...
[2026-04-08 12:38:42Z INFO RunnerServer] EstablishVssConnection
[2026-04-08 12:38:42Z INFO RunnerServer] Establish connection with 100 seconds timeout.
[2026-04-08 12:38:42Z INFO GitHubActionsService] Starting operation Location.GetConnectionData
[2026-04-08 12:38:42Z INFO RunnerServer] EstablishVssConnection
[2026-04-08 12:38:42Z INFO RunnerServer] Establish connection with 60 seconds timeout.
[2026-04-08 12:38:42Z INFO GitHubActionsService] Starting operation Location.GetConnectionData
[2026-04-08 12:38:42Z INFO RunnerServer] EstablishVssConnection
[2026-04-08 12:38:42Z INFO RunnerServer] Establish connection with 60 seconds timeout.
[2026-04-08 12:38:42Z INFO GitHubActionsService] Starting operation Location.GetConnectionData
[2026-04-08 12:38:43Z INFO GitHubActionsService] Finished operation Location.GetConnectionData
[2026-04-08 12:38:43Z INFO GitHubActionsService] Finished operation Location.GetConnectionData
[2026-04-08 12:38:43Z INFO GitHubActionsService] Finished operation Location.GetConnectionData
[2026-04-08 12:38:43Z INFO BrokerMessageListener] VssConnection created
[2026-04-08 12:38:43Z INFO Terminal] WRITE LINE: 
[2026-04-08 12:38:43Z INFO Terminal] WRITE LINE: 
[2026-04-08 12:38:43Z INFO RSAEncryptedFileKeyManager] Loading RSA key parameters from file C:\antigravity_project\img_to_text\actions-runner\.credentials_rsaparams
[2026-04-08 12:38:43Z INFO RSAEncryptedFileKeyManager] Loading RSA key parameters from file C:\antigravity_project\img_to_text\actions-runner\.credentials_rsaparams
[2026-04-08 12:38:44Z INFO GitHubActionsService] AAD Correlation ID for this token request: Unknown
[2026-04-08 12:38:45Z INFO BrokerMessageListener] Session created.
[2026-04-08 12:38:45Z INFO Terminal] WRITE LINE: Current runner version: '2.333.1'
[2026-04-08 12:38:45Z INFO Terminal] WRITE LINE: 2026-04-08 12:38:45Z: Listening for Jobs
[2026-04-08 12:38:45Z INFO JobDispatcher] Set runner/worker IPC timeout to 30 seconds.
[2026-04-08 12:47:35Z INFO BrokerMessageListener] Acknowledging runner request 'f2174080-c867-58f0-ba71-0bf51b7616c6'.
[2026-04-08 12:47:36Z INFO ConfigurationStore] HasCredentials()
[2026-04-08 12:47:36Z INFO ConfigurationStore] stored True
[2026-04-08 12:47:36Z INFO CredentialManager] GetCredentialProvider
[2026-04-08 12:47:36Z INFO CredentialManager] Creating type OAuth
[2026-04-08 12:47:36Z INFO CredentialManager] Creating credential type: OAuth
[2026-04-08 12:47:36Z INFO RSAEncryptedFileKeyManager] Loading RSA key parameters from file C:\antigravity_project\img_to_text\actions-runner\.credentials_rsaparams
[2026-04-08 12:47:36Z INFO RSAEncryptedFileKeyManager] Loading RSA key parameters from file C:\antigravity_project\img_to_text\actions-runner\.credentials_rsaparams
[2026-04-08 12:47:36Z INFO RSAEncryptedFileKeyManager] Loading RSA key parameters from file C:\antigravity_project\img_to_text\actions-runner\.credentials_rsaparams
[2026-04-08 12:47:36Z INFO GitHubActionsService] AAD Correlation ID for this token request: Unknown
[2026-04-08 12:47:38Z INFO JobDispatcher] Job request 0 for plan 3addea71-43d4-46d3-bff0-54a8b31869da job f2174080-c867-58f0-ba71-0bf51b7616c6 received.
[2026-04-08 12:47:38Z INFO JobDispatcher] Pull OrchestrationId 3addea71-43d4-46d3-bff0-54a8b31869da.deploy.__default from JWT claims
[2026-04-08 12:47:38Z INFO BrokerMessageListener] Received job status event. JobState: Busy
[2026-04-08 12:47:38Z INFO BrokerMessageListener] _getMessagesTokenSource is already disposed.
[2026-04-08 12:47:38Z INFO Terminal] WRITE LINE: 2026-04-08 12:47:38Z: Running job: deploy
[2026-04-08 12:47:38Z INFO JobDispatcher] Start renew job request 0 for job f2174080-c867-58f0-ba71-0bf51b7616c6.
[2026-04-08 12:47:38Z INFO JobDispatcher] Successfully renew job f2174080-c867-58f0-ba71-0bf51b7616c6, job is valid till 2026-04-08 오후 12:57:38
[2026-04-08 12:47:38Z INFO HostContext] Well known directory 'Bin': 'C:\antigravity_project\img_to_text\actions-runner\bin'
[2026-04-08 12:47:38Z INFO ProcessInvokerWrapper] Starting process:
[2026-04-08 12:47:38Z INFO ProcessInvokerWrapper]   File name: 'C:\antigravity_project\img_to_text\actions-runner\bin\Runner.Worker.exe'
[2026-04-08 12:47:38Z INFO ProcessInvokerWrapper]   Arguments: 'spawnclient 2428 1436'
[2026-04-08 12:47:38Z INFO ProcessInvokerWrapper]   Working directory: 'C:\antigravity_project\img_to_text\actions-runner\bin'
[2026-04-08 12:47:38Z INFO ProcessInvokerWrapper]   Require exit code zero: 'False'
[2026-04-08 12:47:38Z INFO ProcessInvokerWrapper]   Encoding web name:  ; code page: ''
[2026-04-08 12:47:38Z INFO ProcessInvokerWrapper]   Force kill process on cancellation: 'True'
[2026-04-08 12:47:38Z INFO ProcessInvokerWrapper]   Redirected STDIN: 'False'
[2026-04-08 12:47:38Z INFO ProcessInvokerWrapper]   Persist current code page: 'False'
[2026-04-08 12:47:38Z INFO ProcessInvokerWrapper]   Keep redirected STDIN open: 'False'
[2026-04-08 12:47:38Z INFO ProcessInvokerWrapper]   High priority process: 'True'
[2026-04-08 12:47:39Z INFO ProcessInvokerWrapper] Process started with process id 11224, waiting for process exit.
[2026-04-08 12:47:39Z INFO JobDispatcher] Send job request message to worker for job f2174080-c867-58f0-ba71-0bf51b7616c6.
[2026-04-08 12:47:39Z INFO ProcessChannel] Sending message of length 20898, with hash '5ef5d2054d0e9652db643f4b3fbc4db81b1f05b4de0f07be985544a74106fe37'
[2026-04-08 12:47:39Z INFO JobNotification] Entering JobStarted Notification
[2026-04-08 12:47:39Z INFO JobNotification] Entering StartMonitor
[2026-04-08 12:48:39Z INFO JobDispatcher] Successfully renew job f2174080-c867-58f0-ba71-0bf51b7616c6, job is valid till 2026-04-08 오후 12:58:38
[2026-04-08 12:49:39Z INFO JobDispatcher] Successfully renew job f2174080-c867-58f0-ba71-0bf51b7616c6, job is valid till 2026-04-08 오후 12:59:39
[2026-04-08 12:50:39Z INFO JobDispatcher] Successfully renew job f2174080-c867-58f0-ba71-0bf51b7616c6, job is valid till 2026-04-08 오후 1:00:39
[2026-04-08 12:51:33Z INFO ProcessInvokerWrapper] STDOUT/STDERR stream read finished.
[2026-04-08 12:51:33Z INFO ProcessInvokerWrapper] STDOUT/STDERR stream read finished.
[2026-04-08 12:51:33Z INFO ProcessInvokerWrapper] Finished process 11224 with exit code 100, and elapsed time 00:03:54.6897069.
[2026-04-08 12:51:33Z INFO JobDispatcher] Worker finished for job f2174080-c867-58f0-ba71-0bf51b7616c6. Code: 100
[2026-04-08 12:51:33Z INFO JobDispatcher] finish job request for job f2174080-c867-58f0-ba71-0bf51b7616c6 with result: Succeeded
[2026-04-08 12:51:33Z INFO Terminal] WRITE LINE: 2026-04-08 12:51:33Z: Job deploy completed with result: Succeeded
[2026-04-08 12:51:33Z INFO JobDispatcher] Stop renew job request for job f2174080-c867-58f0-ba71-0bf51b7616c6.
[2026-04-08 12:51:33Z INFO JobDispatcher] job renew has been cancelled, stop renew job f2174080-c867-58f0-ba71-0bf51b7616c6.
[2026-04-08 12:51:33Z INFO JobNotification] Entering JobCompleted Notification
[2026-04-08 12:51:33Z INFO JobNotification] Entering EndMonitor
[2026-04-08 12:51:33Z INFO BrokerMessageListener] Received job status event. JobState: Online
[2026-04-08 12:51:33Z WARN GitHubActionsService] GET request to https://broker.actions.githubusercontent.com/message?sessionId=393b32f6-2381-4dd0-a936-f13f92d2a0ef&status=Busy&runnerVersion=2.333.1&os=Windows&architecture=X64&disableUpdate=false has been cancelled.
[2026-04-08 12:51:33Z ERR  BrokerServer] Catch exception during request
[2026-04-08 12:51:33Z ERR  BrokerServer] System.Threading.Tasks.TaskCanceledException: The operation was canceled.
 ---> System.Threading.Tasks.TaskCanceledException: The operation was canceled.
 ---> System.IO.IOException: Unable to read data from the transport connection: 스레드 종료 또는 응용 프로그램 요청 때문에 I/O 작업이 취소되었습니다..
 ---> System.Net.Sockets.SocketException (995): 스레드 종료 또는 응용 프로그램 요청 때문에 I/O 작업이 취소되었습니다.
   --- End of inner exception stack trace ---
   at System.Net.Sockets.Socket.AwaitableSocketAsyncEventArgs.ThrowException(SocketError error, CancellationToken cancellationToken)
   at System.Net.Sockets.Socket.AwaitableSocketAsyncEventArgs.System.Threading.Tasks.Sources.IValueTaskSource<System.Int32>.GetResult(Int16 token)
   at System.Net.Security.SslStream.EnsureFullTlsFrameAsync[TIOAdapter](CancellationToken cancellationToken, Int32 estimatedSize)
   at System.Runtime.CompilerServices.PoolingAsyncValueTaskMethodBuilder`1.StateMachineBox`1.System.Threading.Tasks.Sources.IValueTaskSource<TResult>.GetResult(Int16 token)
   at System.Net.Security.SslStream.ReadAsyncInternal[TIOAdapter](Memory`1 buffer, CancellationToken cancellationToken)
   at System.Runtime.CompilerServices.PoolingAsyncValueTaskMethodBuilder`1.StateMachineBox`1.System.Threading.Tasks.Sources.IValueTaskSource<TResult>.GetResult(Int16 token)
   at System.Net.Http.HttpConnection.SendAsync(HttpRequestMessage request, Boolean async, CancellationToken cancellationToken)
   --- End of inner exception stack trace ---
   at System.Net.Http.HttpConnection.SendAsync(HttpRequestMessage request, Boolean async, CancellationToken cancellationToken)
   at System.Net.Http.AuthenticationHelper.SendWithNtAuthAsync(HttpRequestMessage request, Uri authUri, Boolean async, ICredentials credentials, Boolean isProxyAuth, HttpConnection connection, HttpConnectionPool connectionPool, CancellationToken cancellationToken)
   at System.Net.Http.HttpConnectionPool.SendWithVersionDetectionAndRetryAsync(HttpRequestMessage request, Boolean async, Boolean doRequestAuth, CancellationToken cancellationToken)
   at System.Net.Http.AuthenticationHelper.SendWithAuthAsync(HttpRequestMessage request, Uri authUri, Boolean async, ICredentials credentials, Boolean preAuthenticate, Boolean isProxyAuth, Boolean doRequestAuth, HttpConnectionPool pool, CancellationToken cancellationToken)
   at System.Net.Http.RedirectHandler.SendAsync(HttpRequestMessage request, Boolean async, CancellationToken cancellationToken)
   at GitHub.Services.Common.RawHttpMessageHandler.SendAsync(HttpRequestMessage request, CancellationToken cancellationToken)
   at GitHub.Services.Common.VssHttpRetryMessageHandler.SendAsync(HttpRequestMessage request, CancellationToken cancellationToken)
   at System.Net.Http.HttpClient.<SendAsync>g__Core|83_0(HttpRequestMessage request, HttpCompletionOption completionOption, CancellationTokenSource cts, Boolean disposeCts, CancellationTokenSource pendingRequestsCts, CancellationToken originalCancellationToken)
   --- End of inner exception stack trace ---
   at System.Net.Http.HttpClient.HandleFailure(Exception e, Boolean telemetryStarted, HttpResponseMessage response, CancellationTokenSource cts, CancellationToken cancellationToken, CancellationTokenSource pendingRequestsCts)
   at System.Net.Http.HttpClient.<SendAsync>g__Core|83_0(HttpRequestMessage request, HttpCompletionOption completionOption, CancellationTokenSource cts, Boolean disposeCts, CancellationTokenSource pendingRequestsCts, CancellationToken originalCancellationToken)
   at Sdk.WebApi.WebApi.RawHttpClientBase.SendAsync(HttpRequestMessage message, HttpCompletionOption completionOption, Object userState, CancellationToken cancellationToken)
   at Sdk.WebApi.WebApi.RawHttpClientBase.SendAsync[T](HttpRequestMessage message, Boolean readErrorBody, Object userState, CancellationToken cancellationToken)
   at Sdk.WebApi.WebApi.RawHttpClientBase.SendAsync[T](HttpMethod method, IEnumerable`1 additionalHeaders, Uri requestUri, HttpContent content, IEnumerable`1 queryParameters, Boolean readErrorBody, Object userState, CancellationToken cancellationToken)
   at GitHub.Actions.RunService.WebApi.BrokerHttpClient.GetRunnerMessageAsync(Nullable`1 sessionId, String runnerVersion, Nullable`1 status, String os, String architecture, Nullable`1 disableUpdate, CancellationToken cancellationToken)
   at GitHub.Runner.Common.BrokerServer.<>c__DisplayClass7_0.<<GetRunnerMessageAsync>b__0>d.MoveNext()
--- End of stack trace from previous location ---
   at GitHub.Runner.Common.RunnerService.RetryRequest[T](Func`1 func, CancellationToken cancellationToken, Int32 maxAttempts, Func`2 shouldRetry)
[2026-04-08 12:51:33Z ERR  BrokerServer] #####################################################
[2026-04-08 12:51:33Z ERR  BrokerServer] System.Threading.Tasks.TaskCanceledException: The operation was canceled.
 ---> System.IO.IOException: Unable to read data from the transport connection: 스레드 종료 또는 응용 프로그램 요청 때문에 I/O 작업이 취소되었습니다..
 ---> System.Net.Sockets.SocketException (995): 스레드 종료 또는 응용 프로그램 요청 때문에 I/O 작업이 취소되었습니다.
   --- End of inner exception stack trace ---
   at System.Net.Sockets.Socket.AwaitableSocketAsyncEventArgs.ThrowException(SocketError error, CancellationToken cancellationToken)
   at System.Net.Sockets.Socket.AwaitableSocketAsyncEventArgs.System.Threading.Tasks.Sources.IValueTaskSource<System.Int32>.GetResult(Int16 token)
   at System.Net.Security.SslStream.EnsureFullTlsFrameAsync[TIOAdapter](CancellationToken cancellationToken, Int32 estimatedSize)
   at System.Runtime.CompilerServices.PoolingAsyncValueTaskMethodBuilder`1.StateMachineBox`1.System.Threading.Tasks.Sources.IValueTaskSource<TResult>.GetResult(Int16 token)
   at System.Net.Security.SslStream.ReadAsyncInternal[TIOAdapter](Memory`1 buffer, CancellationToken cancellationToken)
   at System.Runtime.CompilerServices.PoolingAsyncValueTaskMethodBuilder`1.StateMachineBox`1.System.Threading.Tasks.Sources.IValueTaskSource<TResult>.GetResult(Int16 token)
   at System.Net.Http.HttpConnection.SendAsync(HttpRequestMessage request, Boolean async, CancellationToken cancellationToken)
   --- End of inner exception stack trace ---
   at System.Net.Http.HttpConnection.SendAsync(HttpRequestMessage request, Boolean async, CancellationToken cancellationToken)
   at System.Net.Http.AuthenticationHelper.SendWithNtAuthAsync(HttpRequestMessage request, Uri authUri, Boolean async, ICredentials credentials, Boolean isProxyAuth, HttpConnection connection, HttpConnectionPool connectionPool, CancellationToken cancellationToken)
   at System.Net.Http.HttpConnectionPool.SendWithVersionDetectionAndRetryAsync(HttpRequestMessage request, Boolean async, Boolean doRequestAuth, CancellationToken cancellationToken)
   at System.Net.Http.AuthenticationHelper.SendWithAuthAsync(HttpRequestMessage request, Uri authUri, Boolean async, ICredentials credentials, Boolean preAuthenticate, Boolean isProxyAuth, Boolean doRequestAuth, HttpConnectionPool pool, CancellationToken cancellationToken)
   at System.Net.Http.RedirectHandler.SendAsync(HttpRequestMessage request, Boolean async, CancellationToken cancellationToken)
   at GitHub.Services.Common.RawHttpMessageHandler.SendAsync(HttpRequestMessage request, CancellationToken cancellationToken)
   at GitHub.Services.Common.VssHttpRetryMessageHandler.SendAsync(HttpRequestMessage request, CancellationToken cancellationToken)
   at System.Net.Http.HttpClient.<SendAsync>g__Core|83_0(HttpRequestMessage request, HttpCompletionOption completionOption, CancellationTokenSource cts, Boolean disposeCts, CancellationTokenSource pendingRequestsCts, CancellationToken originalCancellationToken)
[2026-04-08 12:51:33Z ERR  BrokerServer] #####################################################
[2026-04-08 12:51:33Z ERR  BrokerServer] System.IO.IOException: Unable to read data from the transport connection: 스레드 종료 또는 응용 프로그램 요청 때문에 I/O 작업이 취소되었습니다..
 ---> System.Net.Sockets.SocketException (995): 스레드 종료 또는 응용 프로그램 요청 때문에 I/O 작업이 취소되었습니다.
   --- End of inner exception stack trace ---
   at System.Net.Sockets.Socket.AwaitableSocketAsyncEventArgs.ThrowException(SocketError error, CancellationToken cancellationToken)
   at System.Net.Sockets.Socket.AwaitableSocketAsyncEventArgs.System.Threading.Tasks.Sources.IValueTaskSource<System.Int32>.GetResult(Int16 token)
   at System.Net.Security.SslStream.EnsureFullTlsFrameAsync[TIOAdapter](CancellationToken cancellationToken, Int32 estimatedSize)
   at System.Runtime.CompilerServices.PoolingAsyncValueTaskMethodBuilder`1.StateMachineBox`1.System.Threading.Tasks.Sources.IValueTaskSource<TResult>.GetResult(Int16 token)
   at System.Net.Security.SslStream.ReadAsyncInternal[TIOAdapter](Memory`1 buffer, CancellationToken cancellationToken)
   at System.Runtime.CompilerServices.PoolingAsyncValueTaskMethodBuilder`1.StateMachineBox`1.System.Threading.Tasks.Sources.IValueTaskSource<TResult>.GetResult(Int16 token)
   at System.Net.Http.HttpConnection.SendAsync(HttpRequestMessage request, Boolean async, CancellationToken cancellationToken)
[2026-04-08 12:51:33Z ERR  BrokerServer] #####################################################
[2026-04-08 12:51:33Z ERR  BrokerServer] System.Net.Sockets.SocketException (995): 스레드 종료 또는 응용 프로그램 요청 때문에 I/O 작업이 취소되었습니다.
[2026-04-08 12:51:33Z WARN BrokerServer] Back off 14.896 seconds before next retry. 4 attempt left.
[2026-04-08 12:51:33Z INFO BrokerMessageListener] Get messages has been cancelled using local token source. Continue to get messages with new status.
[2026-04-08 12:57:06Z INFO BrokerMessageListener] Acknowledging runner request '89da06f8-5d3f-55b3-8af7-5cff85abfdc5'.
[2026-04-08 12:57:06Z INFO ConfigurationStore] HasCredentials()
[2026-04-08 12:57:06Z INFO ConfigurationStore] stored True
[2026-04-08 12:57:06Z INFO CredentialManager] GetCredentialProvider
[2026-04-08 12:57:06Z INFO CredentialManager] Creating type OAuth
[2026-04-08 12:57:06Z INFO CredentialManager] Creating credential type: OAuth
[2026-04-08 12:57:06Z INFO RSAEncryptedFileKeyManager] Loading RSA key parameters from file C:\antigravity_project\img_to_text\actions-runner\.credentials_rsaparams
[2026-04-08 12:57:06Z INFO RSAEncryptedFileKeyManager] Loading RSA key parameters from file C:\antigravity_project\img_to_text\actions-runner\.credentials_rsaparams
[2026-04-08 12:57:06Z INFO RSAEncryptedFileKeyManager] Loading RSA key parameters from file C:\antigravity_project\img_to_text\actions-runner\.credentials_rsaparams
[2026-04-08 12:57:07Z INFO GitHubActionsService] AAD Correlation ID for this token request: Unknown
[2026-04-08 12:57:08Z INFO JobDispatcher] Job request 0 for plan a189c7a2-4587-4875-aeba-a33cfb3f97f8 job 89da06f8-5d3f-55b3-8af7-5cff85abfdc5 received.
[2026-04-08 12:57:08Z INFO JobDispatcher] Pull OrchestrationId a189c7a2-4587-4875-aeba-a33cfb3f97f8.deploy.__default from JWT claims
[2026-04-08 12:57:08Z INFO BrokerMessageListener] Received job status event. JobState: Busy
[2026-04-08 12:57:08Z INFO BrokerMessageListener] _getMessagesTokenSource is already disposed.
[2026-04-08 12:57:08Z INFO JobDispatcher] Job request f2174080-c867-58f0-ba71-0bf51b7616c6 processed succeed.
[2026-04-08 12:57:08Z INFO Terminal] WRITE LINE: 2026-04-08 12:57:08Z: Running job: deploy
[2026-04-08 12:57:08Z INFO JobDispatcher] Start renew job request 0 for job 89da06f8-5d3f-55b3-8af7-5cff85abfdc5.
[2026-04-08 12:57:09Z INFO JobDispatcher] Successfully renew job 89da06f8-5d3f-55b3-8af7-5cff85abfdc5, job is valid till 2026-04-08 오후 1:07:09
[2026-04-08 12:57:09Z INFO HostContext] Well known directory 'Bin': 'C:\antigravity_project\img_to_text\actions-runner\bin'
[2026-04-08 12:57:09Z INFO ProcessInvokerWrapper] Starting process:
[2026-04-08 12:57:09Z INFO ProcessInvokerWrapper]   File name: 'C:\antigravity_project\img_to_text\actions-runner\bin\Runner.Worker.exe'
[2026-04-08 12:57:09Z INFO ProcessInvokerWrapper]   Arguments: 'spawnclient 2344 2452'
[2026-04-08 12:57:09Z INFO ProcessInvokerWrapper]   Working directory: 'C:\antigravity_project\img_to_text\actions-runner\bin'
[2026-04-08 12:57:09Z INFO ProcessInvokerWrapper]   Require exit code zero: 'False'
[2026-04-08 12:57:09Z INFO ProcessInvokerWrapper]   Encoding web name:  ; code page: ''
[2026-04-08 12:57:09Z INFO ProcessInvokerWrapper]   Force kill process on cancellation: 'True'
[2026-04-08 12:57:09Z INFO ProcessInvokerWrapper]   Redirected STDIN: 'False'
[2026-04-08 12:57:09Z INFO ProcessInvokerWrapper]   Persist current code page: 'False'
[2026-04-08 12:57:09Z INFO ProcessInvokerWrapper]   Keep redirected STDIN open: 'False'
[2026-04-08 12:57:09Z INFO ProcessInvokerWrapper]   High priority process: 'True'
[2026-04-08 12:57:09Z INFO ProcessInvokerWrapper] Process started with process id 26948, waiting for process exit.
[2026-04-08 12:57:09Z INFO JobDispatcher] Send job request message to worker for job 89da06f8-5d3f-55b3-8af7-5cff85abfdc5.
[2026-04-08 12:57:09Z INFO ProcessChannel] Sending message of length 20770, with hash '71367e086bc0d458bc811655a5ecb6c095bec201fcedc311c19a1deabbdf3533'
[2026-04-08 12:57:09Z INFO JobNotification] Entering JobStarted Notification
[2026-04-08 12:57:09Z INFO JobNotification] Entering StartMonitor
[2026-04-08 12:58:09Z INFO JobDispatcher] Successfully renew job 89da06f8-5d3f-55b3-8af7-5cff85abfdc5, job is valid till 2026-04-08 오후 1:08:09
[2026-04-08 12:59:09Z INFO JobDispatcher] Successfully renew job 89da06f8-5d3f-55b3-8af7-5cff85abfdc5, job is valid till 2026-04-08 오후 1:09:09
[2026-04-08 13:00:10Z INFO JobDispatcher] Successfully renew job 89da06f8-5d3f-55b3-8af7-5cff85abfdc5, job is valid till 2026-04-08 오후 1:10:09
[2026-04-08 13:01:10Z INFO JobDispatcher] Successfully renew job 89da06f8-5d3f-55b3-8af7-5cff85abfdc5, job is valid till 2026-04-08 오후 1:11:10
[2026-04-08 13:01:19Z INFO ProcessInvokerWrapper] STDOUT/STDERR stream read finished.
[2026-04-08 13:01:19Z INFO ProcessInvokerWrapper] STDOUT/STDERR stream read finished.
[2026-04-08 13:01:19Z INFO ProcessInvokerWrapper] Finished process 26948 with exit code 100, and elapsed time 00:04:10.2047872.
[2026-04-08 13:01:19Z INFO JobDispatcher] Worker finished for job 89da06f8-5d3f-55b3-8af7-5cff85abfdc5. Code: 100
[2026-04-08 13:01:19Z INFO JobDispatcher] finish job request for job 89da06f8-5d3f-55b3-8af7-5cff85abfdc5 with result: Succeeded
[2026-04-08 13:01:19Z INFO Terminal] WRITE LINE: 2026-04-08 13:01:19Z: Job deploy completed with result: Succeeded
[2026-04-08 13:01:19Z INFO JobDispatcher] Stop renew job request for job 89da06f8-5d3f-55b3-8af7-5cff85abfdc5.
[2026-04-08 13:01:19Z INFO JobDispatcher] job renew has been cancelled, stop renew job 89da06f8-5d3f-55b3-8af7-5cff85abfdc5.
[2026-04-08 13:01:19Z INFO JobNotification] Entering JobCompleted Notification
[2026-04-08 13:01:19Z INFO JobNotification] Entering EndMonitor
[2026-04-08 13:01:19Z INFO BrokerMessageListener] Received job status event. JobState: Online
[2026-04-08 13:01:19Z WARN GitHubActionsService] GET request to https://broker.actions.githubusercontent.com/message?sessionId=393b32f6-2381-4dd0-a936-f13f92d2a0ef&status=Busy&runnerVersion=2.333.1&os=Windows&architecture=X64&disableUpdate=false has been cancelled.
[2026-04-08 13:01:19Z ERR  BrokerServer] Catch exception during request
[2026-04-08 13:01:19Z ERR  BrokerServer] System.Threading.Tasks.TaskCanceledException: The operation was canceled.
 ---> System.Threading.Tasks.TaskCanceledException: The operation was canceled.
 ---> System.IO.IOException: Unable to read data from the transport connection: 스레드 종료 또는 응용 프로그램 요청 때문에 I/O 작업이 취소되었습니다..
 ---> System.Net.Sockets.SocketException (995): 스레드 종료 또는 응용 프로그램 요청 때문에 I/O 작업이 취소되었습니다.
   --- End of inner exception stack trace ---
   at System.Net.Sockets.Socket.AwaitableSocketAsyncEventArgs.System.Threading.Tasks.Sources.IValueTaskSource<System.Int32>.GetResult(Int16 token)
   at System.Net.Security.SslStream.EnsureFullTlsFrameAsync[TIOAdapter](CancellationToken cancellationToken, Int32 estimatedSize)
   at System.Runtime.CompilerServices.PoolingAsyncValueTaskMethodBuilder`1.StateMachineBox`1.System.Threading.Tasks.Sources.IValueTaskSource<TResult>.GetResult(Int16 token)
   at System.Net.Security.SslStream.ReadAsyncInternal[TIOAdapter](Memory`1 buffer, CancellationToken cancellationToken)
   at System.Runtime.CompilerServices.PoolingAsyncValueTaskMethodBuilder`1.StateMachineBox`1.System.Threading.Tasks.Sources.IValueTaskSource<TResult>.GetResult(Int16 token)
   at System.Net.Http.HttpConnection.SendAsync(HttpRequestMessage request, Boolean async, CancellationToken cancellationToken)
   --- End of inner exception stack trace ---
   at System.Net.Http.HttpConnection.SendAsync(HttpRequestMessage request, Boolean async, CancellationToken cancellationToken)
   at System.Net.Http.AuthenticationHelper.SendWithNtAuthAsync(HttpRequestMessage request, Uri authUri, Boolean async, ICredentials credentials, Boolean isProxyAuth, HttpConnection connection, HttpConnectionPool connectionPool, CancellationToken cancellationToken)
   at System.Net.Http.HttpConnectionPool.SendWithVersionDetectionAndRetryAsync(HttpRequestMessage request, Boolean async, Boolean doRequestAuth, CancellationToken cancellationToken)
   at System.Net.Http.AuthenticationHelper.SendWithAuthAsync(HttpRequestMessage request, Uri authUri, Boolean async, ICredentials credentials, Boolean preAuthenticate, Boolean isProxyAuth, Boolean doRequestAuth, HttpConnectionPool pool, CancellationToken cancellationToken)
   at System.Net.Http.RedirectHandler.SendAsync(HttpRequestMessage request, Boolean async, CancellationToken cancellationToken)
   at GitHub.Services.Common.RawHttpMessageHandler.SendAsync(HttpRequestMessage request, CancellationToken cancellationToken)
   at GitHub.Services.Common.VssHttpRetryMessageHandler.SendAsync(HttpRequestMessage request, CancellationToken cancellationToken)
   at System.Net.Http.HttpClient.<SendAsync>g__Core|83_0(HttpRequestMessage request, HttpCompletionOption completionOption, CancellationTokenSource cts, Boolean disposeCts, CancellationTokenSource pendingRequestsCts, CancellationToken originalCancellationToken)
   --- End of inner exception stack trace ---
   at System.Net.Http.HttpClient.HandleFailure(Exception e, Boolean telemetryStarted, HttpResponseMessage response, CancellationTokenSource cts, CancellationToken cancellationToken, CancellationTokenSource pendingRequestsCts)
   at System.Net.Http.HttpClient.<SendAsync>g__Core|83_0(HttpRequestMessage request, HttpCompletionOption completionOption, CancellationTokenSource cts, Boolean disposeCts, CancellationTokenSource pendingRequestsCts, CancellationToken originalCancellationToken)
   at Sdk.WebApi.WebApi.RawHttpClientBase.SendAsync(HttpRequestMessage message, HttpCompletionOption completionOption, Object userState, CancellationToken cancellationToken)
   at Sdk.WebApi.WebApi.RawHttpClientBase.SendAsync[T](HttpRequestMessage message, Boolean readErrorBody, Object userState, CancellationToken cancellationToken)
   at Sdk.WebApi.WebApi.RawHttpClientBase.SendAsync[T](HttpMethod method, IEnumerable`1 additionalHeaders, Uri requestUri, HttpContent content, IEnumerable`1 queryParameters, Boolean readErrorBody, Object userState, CancellationToken cancellationToken)
   at GitHub.Actions.RunService.WebApi.BrokerHttpClient.GetRunnerMessageAsync(Nullable`1 sessionId, String runnerVersion, Nullable`1 status, String os, String architecture, Nullable`1 disableUpdate, CancellationToken cancellationToken)
   at GitHub.Runner.Common.BrokerServer.<>c__DisplayClass7_0.<<GetRunnerMessageAsync>b__0>d.MoveNext()
--- End of stack trace from previous location ---
   at GitHub.Runner.Common.RunnerService.RetryRequest[T](Func`1 func, CancellationToken cancellationToken, Int32 maxAttempts, Func`2 shouldRetry)
[2026-04-08 13:01:19Z ERR  BrokerServer] #####################################################
[2026-04-08 13:01:19Z ERR  BrokerServer] System.Threading.Tasks.TaskCanceledException: The operation was canceled.
 ---> System.IO.IOException: Unable to read data from the transport connection: 스레드 종료 또는 응용 프로그램 요청 때문에 I/O 작업이 취소되었습니다..
 ---> System.Net.Sockets.SocketException (995): 스레드 종료 또는 응용 프로그램 요청 때문에 I/O 작업이 취소되었습니다.
   --- End of inner exception stack trace ---
   at System.Net.Sockets.Socket.AwaitableSocketAsyncEventArgs.System.Threading.Tasks.Sources.IValueTaskSource<System.Int32>.GetResult(Int16 token)
   at System.Net.Security.SslStream.EnsureFullTlsFrameAsync[TIOAdapter](CancellationToken cancellationToken, Int32 estimatedSize)
   at System.Runtime.CompilerServices.PoolingAsyncValueTaskMethodBuilder`1.StateMachineBox`1.System.Threading.Tasks.Sources.IValueTaskSource<TResult>.GetResult(Int16 token)
   at System.Net.Security.SslStream.ReadAsyncInternal[TIOAdapter](Memory`1 buffer, CancellationToken cancellationToken)
   at System.Runtime.CompilerServices.PoolingAsyncValueTaskMethodBuilder`1.StateMachineBox`1.System.Threading.Tasks.Sources.IValueTaskSource<TResult>.GetResult(Int16 token)
   at System.Net.Http.HttpConnection.SendAsync(HttpRequestMessage request, Boolean async, CancellationToken cancellationToken)
   --- End of inner exception stack trace ---
   at System.Net.Http.HttpConnection.SendAsync(HttpRequestMessage request, Boolean async, CancellationToken cancellationToken)
   at System.Net.Http.AuthenticationHelper.SendWithNtAuthAsync(HttpRequestMessage request, Uri authUri, Boolean async, ICredentials credentials, Boolean isProxyAuth, HttpConnection connection, HttpConnectionPool connectionPool, CancellationToken cancellationToken)
   at System.Net.Http.HttpConnectionPool.SendWithVersionDetectionAndRetryAsync(HttpRequestMessage request, Boolean async, Boolean doRequestAuth, CancellationToken cancellationToken)
   at System.Net.Http.AuthenticationHelper.SendWithAuthAsync(HttpRequestMessage request, Uri authUri, Boolean async, ICredentials credentials, Boolean preAuthenticate, Boolean isProxyAuth, Boolean doRequestAuth, HttpConnectionPool pool, CancellationToken cancellationToken)
   at System.Net.Http.RedirectHandler.SendAsync(HttpRequestMessage request, Boolean async, CancellationToken cancellationToken)
   at GitHub.Services.Common.RawHttpMessageHandler.SendAsync(HttpRequestMessage request, CancellationToken cancellationToken)
   at GitHub.Services.Common.VssHttpRetryMessageHandler.SendAsync(HttpRequestMessage request, CancellationToken cancellationToken)
   at System.Net.Http.HttpClient.<SendAsync>g__Core|83_0(HttpRequestMessage request, HttpCompletionOption completionOption, CancellationTokenSource cts, Boolean disposeCts, CancellationTokenSource pendingRequestsCts, CancellationToken originalCancellationToken)
[2026-04-08 13:01:19Z ERR  BrokerServer] #####################################################
[2026-04-08 13:01:19Z ERR  BrokerServer] System.IO.IOException: Unable to read data from the transport connection: 스레드 종료 또는 응용 프로그램 요청 때문에 I/O 작업이 취소되었습니다..
 ---> System.Net.Sockets.SocketException (995): 스레드 종료 또는 응용 프로그램 요청 때문에 I/O 작업이 취소되었습니다.
   --- End of inner exception stack trace ---
   at System.Net.Sockets.Socket.AwaitableSocketAsyncEventArgs.System.Threading.Tasks.Sources.IValueTaskSource<System.Int32>.GetResult(Int16 token)
   at System.Net.Security.SslStream.EnsureFullTlsFrameAsync[TIOAdapter](CancellationToken cancellationToken, Int32 estimatedSize)
   at System.Runtime.CompilerServices.PoolingAsyncValueTaskMethodBuilder`1.StateMachineBox`1.System.Threading.Tasks.Sources.IValueTaskSource<TResult>.GetResult(Int16 token)
   at System.Net.Security.SslStream.ReadAsyncInternal[TIOAdapter](Memory`1 buffer, CancellationToken cancellationToken)
   at System.Runtime.CompilerServices.PoolingAsyncValueTaskMethodBuilder`1.StateMachineBox`1.System.Threading.Tasks.Sources.IValueTaskSource<TResult>.GetResult(Int16 token)
   at System.Net.Http.HttpConnection.SendAsync(HttpRequestMessage request, Boolean async, CancellationToken cancellationToken)
[2026-04-08 13:01:19Z ERR  BrokerServer] #####################################################
[2026-04-08 13:01:19Z ERR  BrokerServer] System.Net.Sockets.SocketException (995): 스레드 종료 또는 응용 프로그램 요청 때문에 I/O 작업이 취소되었습니다.
[2026-04-08 13:01:19Z WARN BrokerServer] Back off 14.567 seconds before next retry. 4 attempt left.
[2026-04-08 13:01:19Z INFO BrokerMessageListener] Get messages has been cancelled using local token source. Continue to get messages with new status.
[2026-04-08 13:02:06Z INFO Terminal] WRITE LINE: Exiting...
[2026-04-08 13:02:06Z INFO ConfigurationStore] IsServiceConfigured()
[2026-04-08 13:02:06Z INFO ConfigurationStore] IsServiceConfigured: False
[2026-04-08 13:02:06Z INFO HostContext] Runner will be shutdown for UserCancelled
[2026-04-08 13:02:06Z WARN GitHubActionsService] GET request to https://broker.actions.githubusercontent.com/message?sessionId=393b32f6-2381-4dd0-a936-f13f92d2a0ef&status=Online&runnerVersion=2.333.1&os=Windows&architecture=X64&disableUpdate=false has been cancelled.
[2026-04-08 13:02:06Z ERR  BrokerServer] Catch exception during request
[2026-04-08 13:02:06Z ERR  BrokerServer] System.Threading.Tasks.TaskCanceledException: The operation was canceled.
 ---> System.Threading.Tasks.TaskCanceledException: The operation was canceled.
 ---> System.IO.IOException: Unable to read data from the transport connection: 스레드 종료 또는 응용 프로그램 요청 때문에 I/O 작업이 취소되었습니다..
 ---> System.Net.Sockets.SocketException (995): 스레드 종료 또는 응용 프로그램 요청 때문에 I/O 작업이 취소되었습니다.
   --- End of inner exception stack trace ---
   at System.Net.Sockets.Socket.AwaitableSocketAsyncEventArgs.System.Threading.Tasks.Sources.IValueTaskSource<System.Int32>.GetResult(Int16 token)
   at System.Net.Security.SslStream.EnsureFullTlsFrameAsync[TIOAdapter](CancellationToken cancellationToken, Int32 estimatedSize)
   at System.Runtime.CompilerServices.PoolingAsyncValueTaskMethodBuilder`1.StateMachineBox`1.System.Threading.Tasks.Sources.IValueTaskSource<TResult>.GetResult(Int16 token)
   at System.Net.Security.SslStream.ReadAsyncInternal[TIOAdapter](Memory`1 buffer, CancellationToken cancellationToken)
   at System.Runtime.CompilerServices.PoolingAsyncValueTaskMethodBuilder`1.StateMachineBox`1.System.Threading.Tasks.Sources.IValueTaskSource<TResult>.GetResult(Int16 token)
   at System.Net.Http.HttpConnection.InitialFillAsync(Boolean async)
   at System.Net.Http.HttpConnection.SendAsync(HttpRequestMessage request, Boolean async, CancellationToken cancellationToken)
   --- End of inner exception stack trace ---
   at System.Net.Http.HttpConnection.SendAsync(HttpRequestMessage request, Boolean async, CancellationToken cancellationToken)
   at System.Net.Http.AuthenticationHelper.SendWithNtAuthAsync(HttpRequestMessage request, Uri authUri, Boolean async, ICredentials credentials, Boolean isProxyAuth, HttpConnection connection, HttpConnectionPool connectionPool, CancellationToken cancellationToken)
   at System.Net.Http.HttpConnectionPool.SendWithVersionDetectionAndRetryAsync(HttpRequestMessage request, Boolean async, Boolean doRequestAuth, CancellationToken cancellationToken)
   at System.Net.Http.AuthenticationHelper.SendWithAuthAsync(HttpRequestMessage request, Uri authUri, Boolean async, ICredentials credentials, Boolean preAuthenticate, Boolean isProxyAuth, Boolean doRequestAuth, HttpConnectionPool pool, CancellationToken cancellationToken)
   at System.Net.Http.RedirectHandler.SendAsync(HttpRequestMessage request, Boolean async, CancellationToken cancellationToken)
   at GitHub.Services.Common.RawHttpMessageHandler.SendAsync(HttpRequestMessage request, CancellationToken cancellationToken)
   at GitHub.Services.Common.VssHttpRetryMessageHandler.SendAsync(HttpRequestMessage request, CancellationToken cancellationToken)
   at System.Net.Http.HttpClient.<SendAsync>g__Core|83_0(HttpRequestMessage request, HttpCompletionOption completionOption, CancellationTokenSource cts, Boolean disposeCts, CancellationTokenSource pendingRequestsCts, CancellationToken originalCancellationToken)
   --- End of inner exception stack trace ---
   at System.Net.Http.HttpClient.HandleFailure(Exception e, Boolean telemetryStarted, HttpResponseMessage response, CancellationTokenSource cts, CancellationToken cancellationToken, CancellationTokenSource pendingRequestsCts)
   at System.Net.Http.HttpClient.<SendAsync>g__Core|83_0(HttpRequestMessage request, HttpCompletionOption completionOption, CancellationTokenSource cts, Boolean disposeCts, CancellationTokenSource pendingRequestsCts, CancellationToken originalCancellationToken)
   at Sdk.WebApi.WebApi.RawHttpClientBase.SendAsync(HttpRequestMessage message, HttpCompletionOption completionOption, Object userState, CancellationToken cancellationToken)
   at Sdk.WebApi.WebApi.RawHttpClientBase.SendAsync[T](HttpRequestMessage message, Boolean readErrorBody, Object userState, CancellationToken cancellationToken)
   at Sdk.WebApi.WebApi.RawHttpClientBase.SendAsync[T](HttpMethod method, IEnumerable`1 additionalHeaders, Uri requestUri, HttpContent content, IEnumerable`1 queryParameters, Boolean readErrorBody, Object userState, CancellationToken cancellationToken)
   at GitHub.Actions.RunService.WebApi.BrokerHttpClient.GetRunnerMessageAsync(Nullable`1 sessionId, String runnerVersion, Nullable`1 status, String os, String architecture, Nullable`1 disableUpdate, CancellationToken cancellationToken)
   at GitHub.Runner.Common.BrokerServer.<>c__DisplayClass7_0.<<GetRunnerMessageAsync>b__0>d.MoveNext()
--- End of stack trace from previous location ---
   at GitHub.Runner.Common.RunnerService.RetryRequest[T](Func`1 func, CancellationToken cancellationToken, Int32 maxAttempts, Func`2 shouldRetry)
[2026-04-08 13:02:06Z ERR  BrokerServer] #####################################################
[2026-04-08 13:02:06Z ERR  BrokerServer] System.Threading.Tasks.TaskCanceledException: The operation was canceled.
 ---> System.IO.IOException: Unable to read data from the transport connection: 스레드 종료 또는 응용 프로그램 요청 때문에 I/O 작업이 취소되었습니다..
 ---> System.Net.Sockets.SocketException (995): 스레드 종료 또는 응용 프로그램 요청 때문에 I/O 작업이 취소되었습니다.
   --- End of inner exception stack trace ---
   at System.Net.Sockets.Socket.AwaitableSocketAsyncEventArgs.System.Threading.Tasks.Sources.IValueTaskSource<System.Int32>.GetResult(Int16 token)
   at System.Net.Security.SslStream.EnsureFullTlsFrameAsync[TIOAdapter](CancellationToken cancellationToken, Int32 estimatedSize)
   at System.Runtime.CompilerServices.PoolingAsyncValueTaskMethodBuilder`1.StateMachineBox`1.System.Threading.Tasks.Sources.IValueTaskSource<TResult>.GetResult(Int16 token)
   at System.Net.Security.SslStream.ReadAsyncInternal[TIOAdapter](Memory`1 buffer, CancellationToken cancellationToken)
   at System.Runtime.CompilerServices.PoolingAsyncValueTaskMethodBuilder`1.StateMachineBox`1.System.Threading.Tasks.Sources.IValueTaskSource<TResult>.GetResult(Int16 token)
   at System.Net.Http.HttpConnection.InitialFillAsync(Boolean async)
   at System.Net.Http.HttpConnection.SendAsync(HttpRequestMessage request, Boolean async, CancellationToken cancellationToken)
   --- End of inner exception stack trace ---
   at System.Net.Http.HttpConnection.SendAsync(HttpRequestMessage request, Boolean async, CancellationToken cancellationToken)
   at System.Net.Http.AuthenticationHelper.SendWithNtAuthAsync(HttpRequestMessage request, Uri authUri, Boolean async, ICredentials credentials, Boolean isProxyAuth, HttpConnection connection, HttpConnectionPool connectionPool, CancellationToken cancellationToken)
   at System.Net.Http.HttpConnectionPool.SendWithVersionDetectionAndRetryAsync(HttpRequestMessage request, Boolean async, Boolean doRequestAuth, CancellationToken cancellationToken)
   at System.Net.Http.AuthenticationHelper.SendWithAuthAsync(HttpRequestMessage request, Uri authUri, Boolean async, ICredentials credentials, Boolean preAuthenticate, Boolean isProxyAuth, Boolean doRequestAuth, HttpConnectionPool pool, CancellationToken cancellationToken)
   at System.Net.Http.RedirectHandler.SendAsync(HttpRequestMessage request, Boolean async, CancellationToken cancellationToken)
   at GitHub.Services.Common.RawHttpMessageHandler.SendAsync(HttpRequestMessage request, CancellationToken cancellationToken)
   at GitHub.Services.Common.VssHttpRetryMessageHandler.SendAsync(HttpRequestMessage request, CancellationToken cancellationToken)
   at System.Net.Http.HttpClient.<SendAsync>g__Core|83_0(HttpRequestMessage request, HttpCompletionOption completionOption, CancellationTokenSource cts, Boolean disposeCts, CancellationTokenSource pendingRequestsCts, CancellationToken originalCancellationToken)
[2026-04-08 13:02:06Z ERR  BrokerServer] #####################################################
[2026-04-08 13:02:06Z ERR  BrokerServer] System.IO.IOException: Unable to read data from the transport connection: 스레드 종료 또는 응용 프로그램 요청 때문에 I/O 작업이 취소되었습니다..
 ---> System.Net.Sockets.SocketException (995): 스레드 종료 또는 응용 프로그램 요청 때문에 I/O 작업이 취소되었습니다.
   --- End of inner exception stack trace ---
   at System.Net.Sockets.Socket.AwaitableSocketAsyncEventArgs.System.Threading.Tasks.Sources.IValueTaskSource<System.Int32>.GetResult(Int16 token)
   at System.Net.Security.SslStream.EnsureFullTlsFrameAsync[TIOAdapter](CancellationToken cancellationToken, Int32 estimatedSize)
   at System.Runtime.CompilerServices.PoolingAsyncValueTaskMethodBuilder`1.StateMachineBox`1.System.Threading.Tasks.Sources.IValueTaskSource<TResult>.GetResult(Int16 token)
   at System.Net.Security.SslStream.ReadAsyncInternal[TIOAdapter](Memory`1 buffer, CancellationToken cancellationToken)
   at System.Runtime.CompilerServices.PoolingAsyncValueTaskMethodBuilder`1.StateMachineBox`1.System.Threading.Tasks.Sources.IValueTaskSource<TResult>.GetResult(Int16 token)
   at System.Net.Http.HttpConnection.InitialFillAsync(Boolean async)
   at System.Net.Http.HttpConnection.SendAsync(HttpRequestMessage request, Boolean async, CancellationToken cancellationToken)
[2026-04-08 13:02:06Z ERR  BrokerServer] #####################################################
[2026-04-08 13:02:06Z ERR  BrokerServer] System.Net.Sockets.SocketException (995): 스레드 종료 또는 응용 프로그램 요청 때문에 I/O 작업이 취소되었습니다.
[2026-04-08 13:02:06Z WARN BrokerServer] Back off 8.866 seconds before next retry. 4 attempt left.
[2026-04-08 13:02:06Z INFO BrokerMessageListener] Get next message has been cancelled.
[2026-04-08 13:02:06Z INFO JobDispatcher] Shutting down JobDispatcher. Make sure all WorkerDispatcher has finished.
[2026-04-08 13:02:06Z INFO JobDispatcher] Ensure WorkerDispatcher for job 89da06f8-5d3f-55b3-8af7-5cff85abfdc5 run to finish, cancel any running job.
[2026-04-08 13:02:06Z INFO JobDispatcher] Job request 89da06f8-5d3f-55b3-8af7-5cff85abfdc5 processed succeed.
[2026-04-08 13:02:06Z INFO Runner] Deleting Runner Session...
[2026-04-08 13:02:07Z INFO Listener] Runner execution been cancelled.
